[2021-03-04 08:43:20] local.ERROR: syntax error, unexpected '=', expecting ';' {"exception":"[object] (ParseError(code: 0): syntax error, unexpected '=', expecting ';' at C:\\wamp64\\www\\basiclumen1\\config\\auth.php:3)
[stacktrace]
#0 C:\\wamp64\\www\\basiclumen1\\vendor\\laravel\\lumen-framework\\src\\Application.php(662): Laravel\\Lumen\\Application->configure('auth')
#1 C:\\wamp64\\www\\basiclumen1\\vendor\\laravel\\lumen-framework\\src\\Application.php(311): Laravel\\Lumen\\Application->loadComponent('auth', 'Illuminate\\\\Auth...', 'auth')
#2 C:\\wamp64\\www\\basiclumen1\\vendor\\illuminate\\container\\Container.php(826): Laravel\\Lumen\\Application->Laravel\\Lumen\\{closure}(Object(Laravel\\Lumen\\Application), Array)
#3 C:\\wamp64\\www\\basiclumen1\\vendor\\illuminate\\container\\Container.php(712): Illuminate\\Container\\Container->build(Object(Closure))
#4 C:\\wamp64\\www\\basiclumen1\\vendor\\illuminate\\container\\Container.php(651): Illuminate\\Container\\Container->resolve('auth', Array)
#5 C:\\wamp64\\www\\basiclumen1\\vendor\\laravel\\lumen-framework\\src\\Application.php(300): Illuminate\\Container\\Container->make('auth', Array)
#6 C:\\wamp64\\www\\basiclumen1\\vendor\\illuminate\\container\\Container.php(1358): Laravel\\Lumen\\Application->make('auth')
#7 C:\\wamp64\\www\\basiclumen1\\app\\Providers\\AuthServiceProvider.php(33): Illuminate\\Container\\Container->offsetGet('auth')
#8 C:\\wamp64\\www\\basiclumen1\\vendor\\illuminate\\container\\BoundMethod.php(36): App\\Providers\\AuthServiceProvider->boot()
#9 C:\\wamp64\\www\\basiclumen1\\vendor\\illuminate\\container\\Util.php(40): Illuminate\\Container\\BoundMethod::Illuminate\\Container\\{closure}()
#10 C:\\wamp64\\www\\basiclumen1\\vendor\\illuminate\\container\\BoundMethod.php(93): Illuminate\\Container\\Util::unwrapIfClosure(Object(Closure))
#11 C:\\wamp64\\www\\basiclumen1\\vendor\\illuminate\\container\\BoundMethod.php(37): Illuminate\\Container\\BoundMethod::callBoundMethod(Object(Laravel\\Lumen\\Application), Array, Object(Closure))
#12 C:\\wamp64\\www\\basiclumen1\\vendor\\illuminate\\container\\Container.php(610): Illuminate\\Container\\BoundMethod::call(Object(Laravel\\Lumen\\Application), Array, Array, NULL)
#13 C:\\wamp64\\www\\basiclumen1\\vendor\\laravel\\lumen-framework\\src\\Application.php(277): Illuminate\\Container\\Container->call(Array)
#14 C:\\wamp64\\www\\basiclumen1\\vendor\\laravel\\lumen-framework\\src\\Application.php(262): Laravel\\Lumen\\Application->bootProvider(Object(App\\Providers\\AuthServiceProvider))
#15 C:\\wamp64\\www\\basiclumen1\\vendor\\laravel\\lumen-framework\\src\\Concerns\\RoutesRequests.php(160): Laravel\\Lumen\\Application->boot()
#16 C:\\wamp64\\www\\basiclumen1\\vendor\\laravel\\lumen-framework\\src\\Concerns\\RoutesRequests.php(109): Laravel\\Lumen\\Application->dispatch(NULL)
#17 C:\\wamp64\\www\\basiclumen1\\public\\index.php(28): Laravel\\Lumen\\Application->run()
#18 {main}
"} 
