[2021-02-22 04:51:45] local.ERROR: Command "make:controller" is not defined.

Did you mean one of these?
    make:migration
    make:seeder {"exception":"[object] (Symfony\\Component\\Console\\Exception\\CommandNotFoundException(code: 0): Command \"make:controller\" is not defined.

Did you mean one of these?
    make:migration
    make:seeder at C:\\wamp64\\www\\basiclumen1\\vendor\\symfony\\console\\Application.php:675)
[stacktrace]
#0 C:\\wamp64\\www\\basiclumen1\\vendor\\symfony\\console\\Application.php(254): Symfony\\Component\\Console\\Application->find('make:controller')
#1 C:\\wamp64\\www\\basiclumen1\\vendor\\symfony\\console\\Application.php(166): Symfony\\Component\\Console\\Application->doRun(Object(Symfony\\Component\\Console\\Input\\ArgvInput), Object(Symfony\\Component\\Console\\Output\\ConsoleOutput))
#2 C:\\wamp64\\www\\basiclumen1\\vendor\\illuminate\\console\\Application.php(93): Symfony\\Component\\Console\\Application->run(Object(Symfony\\Component\\Console\\Input\\ArgvInput), Object(Symfony\\Component\\Console\\Output\\ConsoleOutput))
#3 C:\\wamp64\\www\\basiclumen1\\vendor\\laravel\\lumen-framework\\src\\Console\\Kernel.php(116): Illuminate\\Console\\Application->run(Object(Symfony\\Component\\Console\\Input\\ArgvInput), Object(Symfony\\Component\\Console\\Output\\ConsoleOutput))
#4 C:\\wamp64\\www\\basiclumen1\\artisan(35): Laravel\\Lumen\\Console\\Kernel->handle(Object(Symfony\\Component\\Console\\Input\\ArgvInput), Object(Symfony\\Component\\Console\\Output\\ConsoleOutput))
#5 {main}
"} 
[2021-02-22 05:04:05] local.ERROR: Method Illuminate\Auth\RequestGuard::attempt does not exist. {"exception":"[object] (BadMethodCallException(code: 0): Method Illuminate\\Auth\\RequestGuard::attempt does not exist. at C:\\wamp64\\www\\basiclumen1\\vendor\\illuminate\\macroable\\Traits\\Macroable.php:103)
[stacktrace]
#0 C:\\wamp64\\www\\basiclumen1\\vendor\\illuminate\\auth\\AuthManager.php(307): Illuminate\\Auth\\RequestGuard->__call('attempt', Array)
#1 C:\\wamp64\\www\\basiclumen1\\app\\Http\\Controllers\\AuthController.php(18): Illuminate\\Auth\\AuthManager->__call('attempt', Array)
#2 C:\\wamp64\\www\\basiclumen1\\vendor\\illuminate\\container\\BoundMethod.php(36): App\\Http\\Controllers\\AuthController->login()
#3 C:\\wamp64\\www\\basiclumen1\\vendor\\illuminate\\container\\Util.php(40): Illuminate\\Container\\BoundMethod::Illuminate\\Container\\{closure}()
#4 C:\\wamp64\\www\\basiclumen1\\vendor\\illuminate\\container\\BoundMethod.php(93): Illuminate\\Container\\Util::unwrapIfClosure(Object(Closure))
#5 C:\\wamp64\\www\\basiclumen1\\vendor\\illuminate\\container\\BoundMethod.php(37): Illuminate\\Container\\BoundMethod::callBoundMethod(Object(Laravel\\Lumen\\Application), Array, Object(Closure))
#6 C:\\wamp64\\www\\basiclumen1\\vendor\\illuminate\\container\\Container.php(610): Illuminate\\Container\\BoundMethod::call(Object(Laravel\\Lumen\\Application), Array, Array, NULL)
#7 C:\\wamp64\\www\\basiclumen1\\vendor\\laravel\\lumen-framework\\src\\Concerns\\RoutesRequests.php(386): Illuminate\\Container\\Container->call(Array, Array)
#8 C:\\wamp64\\www\\basiclumen1\\vendor\\laravel\\lumen-framework\\src\\Concerns\\RoutesRequests.php(352): Laravel\\Lumen\\Application->callControllerCallable(Array, Array)
#9 C:\\wamp64\\www\\basiclumen1\\vendor\\laravel\\lumen-framework\\src\\Concerns\\RoutesRequests.php(326): Laravel\\Lumen\\Application->callLumenController(Object(App\\Http\\Controllers\\AuthController), 'login', Array)
#10 C:\\wamp64\\www\\basiclumen1\\vendor\\laravel\\lumen-framework\\src\\Concerns\\RoutesRequests.php(279): Laravel\\Lumen\\Application->callControllerAction(Array)
#11 C:\\wamp64\\www\\basiclumen1\\vendor\\laravel\\lumen-framework\\src\\Concerns\\RoutesRequests.php(264): Laravel\\Lumen\\Application->callActionOnArrayBasedRoute(Array)
#12 C:\\wamp64\\www\\basiclumen1\\vendor\\laravel\\lumen-framework\\src\\Concerns\\RoutesRequests.php(166): Laravel\\Lumen\\Application->handleFoundRoute(Array)
#13 C:\\wamp64\\www\\basiclumen1\\vendor\\laravel\\lumen-framework\\src\\Concerns\\RoutesRequests.php(426): Laravel\\Lumen\\Application->Laravel\\Lumen\\Concerns\\{closure}(Object(Laravel\\Lumen\\Http\\Request))
#14 C:\\wamp64\\www\\basiclumen1\\vendor\\laravel\\lumen-framework\\src\\Concerns\\RoutesRequests.php(172): Laravel\\Lumen\\Application->sendThroughPipeline(Array, Object(Closure))
#15 C:\\wamp64\\www\\basiclumen1\\vendor\\laravel\\lumen-framework\\src\\Concerns\\RoutesRequests.php(109): Laravel\\Lumen\\Application->dispatch(NULL)
#16 C:\\wamp64\\www\\basiclumen1\\public\\index.php(28): Laravel\\Lumen\\Application->run()
#17 {main}
"} 
[2021-02-22 05:04:50] local.ERROR: Method Illuminate\Auth\RequestGuard::attempt does not exist. {"exception":"[object] (BadMethodCallException(code: 0): Method Illuminate\\Auth\\RequestGuard::attempt does not exist. at C:\\wamp64\\www\\basiclumen1\\vendor\\illuminate\\macroable\\Traits\\Macroable.php:103)
[stacktrace]
#0 C:\\wamp64\\www\\basiclumen1\\vendor\\illuminate\\auth\\AuthManager.php(307): Illuminate\\Auth\\RequestGuard->__call('attempt', Array)
#1 C:\\wamp64\\www\\basiclumen1\\app\\Http\\Controllers\\AuthController.php(18): Illuminate\\Auth\\AuthManager->__call('attempt', Array)
#2 C:\\wamp64\\www\\basiclumen1\\vendor\\illuminate\\container\\BoundMethod.php(36): App\\Http\\Controllers\\AuthController->login()
#3 C:\\wamp64\\www\\basiclumen1\\vendor\\illuminate\\container\\Util.php(40): Illuminate\\Container\\BoundMethod::Illuminate\\Container\\{closure}()
#4 C:\\wamp64\\www\\basiclumen1\\vendor\\illuminate\\container\\BoundMethod.php(93): Illuminate\\Container\\Util::unwrapIfClosure(Object(Closure))
#5 C:\\wamp64\\www\\basiclumen1\\vendor\\illuminate\\container\\BoundMethod.php(37): Illuminate\\Container\\BoundMethod::callBoundMethod(Object(Laravel\\Lumen\\Application), Array, Object(Closure))
#6 C:\\wamp64\\www\\basiclumen1\\vendor\\illuminate\\container\\Container.php(610): Illuminate\\Container\\BoundMethod::call(Object(Laravel\\Lumen\\Application), Array, Array, NULL)
#7 C:\\wamp64\\www\\basiclumen1\\vendor\\laravel\\lumen-framework\\src\\Concerns\\RoutesRequests.php(386): Illuminate\\Container\\Container->call(Array, Array)
#8 C:\\wamp64\\www\\basiclumen1\\vendor\\laravel\\lumen-framework\\src\\Concerns\\RoutesRequests.php(352): Laravel\\Lumen\\Application->callControllerCallable(Array, Array)
#9 C:\\wamp64\\www\\basiclumen1\\vendor\\laravel\\lumen-framework\\src\\Concerns\\RoutesRequests.php(326): Laravel\\Lumen\\Application->callLumenController(Object(App\\Http\\Controllers\\AuthController), 'login', Array)
#10 C:\\wamp64\\www\\basiclumen1\\vendor\\laravel\\lumen-framework\\src\\Concerns\\RoutesRequests.php(279): Laravel\\Lumen\\Application->callControllerAction(Array)
#11 C:\\wamp64\\www\\basiclumen1\\vendor\\laravel\\lumen-framework\\src\\Concerns\\RoutesRequests.php(264): Laravel\\Lumen\\Application->callActionOnArrayBasedRoute(Array)
#12 C:\\wamp64\\www\\basiclumen1\\vendor\\laravel\\lumen-framework\\src\\Concerns\\RoutesRequests.php(166): Laravel\\Lumen\\Application->handleFoundRoute(Array)
#13 C:\\wamp64\\www\\basiclumen1\\vendor\\laravel\\lumen-framework\\src\\Concerns\\RoutesRequests.php(426): Laravel\\Lumen\\Application->Laravel\\Lumen\\Concerns\\{closure}(Object(Laravel\\Lumen\\Http\\Request))
#14 C:\\wamp64\\www\\basiclumen1\\vendor\\laravel\\lumen-framework\\src\\Concerns\\RoutesRequests.php(172): Laravel\\Lumen\\Application->sendThroughPipeline(Array, Object(Closure))
#15 C:\\wamp64\\www\\basiclumen1\\vendor\\laravel\\lumen-framework\\src\\Concerns\\RoutesRequests.php(109): Laravel\\Lumen\\Application->dispatch(NULL)
#16 C:\\wamp64\\www\\basiclumen1\\public\\index.php(28): Laravel\\Lumen\\Application->run()
#17 {main}
"} 
[2021-02-22 05:23:18] local.ERROR: There are no commands defined in the "vendor" namespace. {"exception":"[object] (Symfony\\Component\\Console\\Exception\\NamespaceNotFoundException(code: 0): There are no commands defined in the \"vendor\" namespace. at C:\\wamp64\\www\\basiclumen1\\vendor\\symfony\\console\\Application.php:605)
[stacktrace]
#0 C:\\wamp64\\www\\basiclumen1\\vendor\\symfony\\console\\Application.php(656): Symfony\\Component\\Console\\Application->findNamespace('vendor')
#1 C:\\wamp64\\www\\basiclumen1\\vendor\\symfony\\console\\Application.php(254): Symfony\\Component\\Console\\Application->find('vendor:publish')
#2 C:\\wamp64\\www\\basiclumen1\\vendor\\symfony\\console\\Application.php(166): Symfony\\Component\\Console\\Application->doRun(Object(Symfony\\Component\\Console\\Input\\ArgvInput), Object(Symfony\\Component\\Console\\Output\\ConsoleOutput))
#3 C:\\wamp64\\www\\basiclumen1\\vendor\\illuminate\\console\\Application.php(93): Symfony\\Component\\Console\\Application->run(Object(Symfony\\Component\\Console\\Input\\ArgvInput), Object(Symfony\\Component\\Console\\Output\\ConsoleOutput))
#4 C:\\wamp64\\www\\basiclumen1\\vendor\\laravel\\lumen-framework\\src\\Console\\Kernel.php(116): Illuminate\\Console\\Application->run(Object(Symfony\\Component\\Console\\Input\\ArgvInput), Object(Symfony\\Component\\Console\\Output\\ConsoleOutput))
#5 C:\\wamp64\\www\\basiclumen1\\artisan(35): Laravel\\Lumen\\Console\\Kernel->handle(Object(Symfony\\Component\\Console\\Input\\ArgvInput), Object(Symfony\\Component\\Console\\Output\\ConsoleOutput))
#6 {main}
"} 
[2021-02-22 05:23:32] local.ERROR: There are no commands defined in the "vendor" namespace. {"exception":"[object] (Symfony\\Component\\Console\\Exception\\NamespaceNotFoundException(code: 0): There are no commands defined in the \"vendor\" namespace. at C:\\wamp64\\www\\basiclumen1\\vendor\\symfony\\console\\Application.php:605)
[stacktrace]
#0 C:\\wamp64\\www\\basiclumen1\\vendor\\symfony\\console\\Application.php(656): Symfony\\Component\\Console\\Application->findNamespace('vendor')
#1 C:\\wamp64\\www\\basiclumen1\\vendor\\symfony\\console\\Application.php(254): Symfony\\Component\\Console\\Application->find('vendor:publish')
#2 C:\\wamp64\\www\\basiclumen1\\vendor\\symfony\\console\\Application.php(166): Symfony\\Component\\Console\\Application->doRun(Object(Symfony\\Component\\Console\\Input\\ArgvInput), Object(Symfony\\Component\\Console\\Output\\ConsoleOutput))
#3 C:\\wamp64\\www\\basiclumen1\\vendor\\illuminate\\console\\Application.php(93): Symfony\\Component\\Console\\Application->run(Object(Symfony\\Component\\Console\\Input\\ArgvInput), Object(Symfony\\Component\\Console\\Output\\ConsoleOutput))
#4 C:\\wamp64\\www\\basiclumen1\\vendor\\laravel\\lumen-framework\\src\\Console\\Kernel.php(116): Illuminate\\Console\\Application->run(Object(Symfony\\Component\\Console\\Input\\ArgvInput), Object(Symfony\\Component\\Console\\Output\\ConsoleOutput))
#5 C:\\wamp64\\www\\basiclumen1\\artisan(35): Laravel\\Lumen\\Console\\Kernel->handle(Object(Symfony\\Component\\Console\\Input\\ArgvInput), Object(Symfony\\Component\\Console\\Output\\ConsoleOutput))
#6 {main}
"} 
[2021-02-22 05:28:50] local.ERROR: syntax error, unexpected '=', expecting ';' {"exception":"[object] (ParseError(code: 0): syntax error, unexpected '=', expecting ';' at C:\\wamp64\\www\\basiclumen1\\config\\auth.php:3)
[stacktrace]
#0 C:\\wamp64\\www\\basiclumen1\\vendor\\laravel\\lumen-framework\\src\\Application.php(662): Laravel\\Lumen\\Application->configure('auth')
#1 C:\\wamp64\\www\\basiclumen1\\vendor\\laravel\\lumen-framework\\src\\Application.php(311): Laravel\\Lumen\\Application->loadComponent('auth', 'Illuminate\\\\Auth...', 'auth')
#2 C:\\wamp64\\www\\basiclumen1\\vendor\\illuminate\\container\\Container.php(826): Laravel\\Lumen\\Application->Laravel\\Lumen\\{closure}(Object(Laravel\\Lumen\\Application), Array)
#3 C:\\wamp64\\www\\basiclumen1\\vendor\\illuminate\\container\\Container.php(712): Illuminate\\Container\\Container->build(Object(Closure))
#4 C:\\wamp64\\www\\basiclumen1\\vendor\\illuminate\\container\\Container.php(651): Illuminate\\Container\\Container->resolve('auth', Array)
#5 C:\\wamp64\\www\\basiclumen1\\vendor\\laravel\\lumen-framework\\src\\Application.php(300): Illuminate\\Container\\Container->make('auth', Array)
#6 C:\\wamp64\\www\\basiclumen1\\vendor\\illuminate\\container\\Container.php(1358): Laravel\\Lumen\\Application->make('auth')
#7 C:\\wamp64\\www\\basiclumen1\\app\\Providers\\AuthServiceProvider.php(33): Illuminate\\Container\\Container->offsetGet('auth')
#8 C:\\wamp64\\www\\basiclumen1\\vendor\\illuminate\\container\\BoundMethod.php(36): App\\Providers\\AuthServiceProvider->boot()
#9 C:\\wamp64\\www\\basiclumen1\\vendor\\illuminate\\container\\Util.php(40): Illuminate\\Container\\BoundMethod::Illuminate\\Container\\{closure}()
#10 C:\\wamp64\\www\\basiclumen1\\vendor\\illuminate\\container\\BoundMethod.php(93): Illuminate\\Container\\Util::unwrapIfClosure(Object(Closure))
#11 C:\\wamp64\\www\\basiclumen1\\vendor\\illuminate\\container\\BoundMethod.php(37): Illuminate\\Container\\BoundMethod::callBoundMethod(Object(Laravel\\Lumen\\Application), Array, Object(Closure))
#12 C:\\wamp64\\www\\basiclumen1\\vendor\\illuminate\\container\\Container.php(610): Illuminate\\Container\\BoundMethod::call(Object(Laravel\\Lumen\\Application), Array, Array, NULL)
#13 C:\\wamp64\\www\\basiclumen1\\vendor\\laravel\\lumen-framework\\src\\Application.php(277): Illuminate\\Container\\Container->call(Array)
#14 C:\\wamp64\\www\\basiclumen1\\vendor\\laravel\\lumen-framework\\src\\Application.php(262): Laravel\\Lumen\\Application->bootProvider(Object(App\\Providers\\AuthServiceProvider))
#15 C:\\wamp64\\www\\basiclumen1\\vendor\\laravel\\lumen-framework\\src\\Concerns\\RoutesRequests.php(160): Laravel\\Lumen\\Application->boot()
#16 C:\\wamp64\\www\\basiclumen1\\vendor\\laravel\\lumen-framework\\src\\Concerns\\RoutesRequests.php(109): Laravel\\Lumen\\Application->dispatch(NULL)
#17 C:\\wamp64\\www\\basiclumen1\\public\\index.php(28): Laravel\\Lumen\\Application->run()
#18 {main}
"} 
[2021-02-22 05:28:57] local.ERROR: syntax error, unexpected '=', expecting ';' {"exception":"[object] (ParseError(code: 0): syntax error, unexpected '=', expecting ';' at C:\\wamp64\\www\\basiclumen1\\config\\auth.php:3)
[stacktrace]
#0 C:\\wamp64\\www\\basiclumen1\\vendor\\laravel\\lumen-framework\\src\\Application.php(662): Laravel\\Lumen\\Application->configure('auth')
#1 C:\\wamp64\\www\\basiclumen1\\vendor\\laravel\\lumen-framework\\src\\Application.php(311): Laravel\\Lumen\\Application->loadComponent('auth', 'Illuminate\\\\Auth...', 'auth')
#2 C:\\wamp64\\www\\basiclumen1\\vendor\\illuminate\\container\\Container.php(826): Laravel\\Lumen\\Application->Laravel\\Lumen\\{closure}(Object(Laravel\\Lumen\\Application), Array)
#3 C:\\wamp64\\www\\basiclumen1\\vendor\\illuminate\\container\\Container.php(712): Illuminate\\Container\\Container->build(Object(Closure))
#4 C:\\wamp64\\www\\basiclumen1\\vendor\\illuminate\\container\\Container.php(651): Illuminate\\Container\\Container->resolve('auth', Array)
#5 C:\\wamp64\\www\\basiclumen1\\vendor\\laravel\\lumen-framework\\src\\Application.php(300): Illuminate\\Container\\Container->make('auth', Array)
#6 C:\\wamp64\\www\\basiclumen1\\vendor\\illuminate\\container\\Container.php(1358): Laravel\\Lumen\\Application->make('auth')
#7 C:\\wamp64\\www\\basiclumen1\\app\\Providers\\AuthServiceProvider.php(33): Illuminate\\Container\\Container->offsetGet('auth')
#8 C:\\wamp64\\www\\basiclumen1\\vendor\\illuminate\\container\\BoundMethod.php(36): App\\Providers\\AuthServiceProvider->boot()
#9 C:\\wamp64\\www\\basiclumen1\\vendor\\illuminate\\container\\Util.php(40): Illuminate\\Container\\BoundMethod::Illuminate\\Container\\{closure}()
#10 C:\\wamp64\\www\\basiclumen1\\vendor\\illuminate\\container\\BoundMethod.php(93): Illuminate\\Container\\Util::unwrapIfClosure(Object(Closure))
#11 C:\\wamp64\\www\\basiclumen1\\vendor\\illuminate\\container\\BoundMethod.php(37): Illuminate\\Container\\BoundMethod::callBoundMethod(Object(Laravel\\Lumen\\Application), Array, Object(Closure))
#12 C:\\wamp64\\www\\basiclumen1\\vendor\\illuminate\\container\\Container.php(610): Illuminate\\Container\\BoundMethod::call(Object(Laravel\\Lumen\\Application), Array, Array, NULL)
#13 C:\\wamp64\\www\\basiclumen1\\vendor\\laravel\\lumen-framework\\src\\Application.php(277): Illuminate\\Container\\Container->call(Array)
#14 C:\\wamp64\\www\\basiclumen1\\vendor\\laravel\\lumen-framework\\src\\Application.php(262): Laravel\\Lumen\\Application->bootProvider(Object(App\\Providers\\AuthServiceProvider))
#15 C:\\wamp64\\www\\basiclumen1\\vendor\\laravel\\lumen-framework\\src\\Concerns\\RoutesRequests.php(160): Laravel\\Lumen\\Application->boot()
#16 C:\\wamp64\\www\\basiclumen1\\vendor\\laravel\\lumen-framework\\src\\Concerns\\RoutesRequests.php(109): Laravel\\Lumen\\Application->dispatch(NULL)
#17 C:\\wamp64\\www\\basiclumen1\\public\\index.php(28): Laravel\\Lumen\\Application->run()
#18 {main}
"} 
